<?xml version="1.0" encoding="UTF-8"?>
<!-- Generated by org.testng.reporters.JUnitReportReporter -->
<testsuite hostname="akanksha_s" failures="0" tests="2" name="testcases.HomeLoanTest" time="0.004" errors="0" timestamp="16 Apr 2023 04:01:46 GMT" skipped="0">
  <testcase classname="testcases.HomeLoanTest" name="test1" time="0.002"/>
  <testcase classname="testcases.HomeLoanTest" name="test2" time="0.002"/>
</testsuite> <!-- testcases.HomeLoanTest -->
